<?xml version="1.0" encoding="UTF-8"?>
<testsuite name="com.epoch.HelloControllerTest" tests="1" skipped="0" failures="0" errors="0" timestamp="2025-06-19T03:46:21.040Z" hostname="SWORDOFJUSTICE" time="0.045">
  <properties/>
  <testcase name="testHello()" classname="com.epoch.HelloControllerTest" time="0.045"/>
  <system-out><![CDATA[]]></system-out>
  <system-err><![CDATA[]]></system-err>
</testsuite>
